0 info it worked if it ends with ok
1 verbose cli [ 'node', '/usr/local/bin/npm', 'install', 'q' ]
2 info using npm@1.4.28
3 info using node@v0.10.33
4 warn package.json dashboard@1.0.0 No repository field.
5 warn package.json dashboard@1.0.0 No README data
6 verbose readDependencies using package.json deps
7 verbose cache add [ 'q', null ]
8 verbose cache add name=undefined spec="q" args=["q",null]
9 verbose parsed url { protocol: null,
9 verbose parsed url   slashes: null,
9 verbose parsed url   auth: null,
9 verbose parsed url   host: null,
9 verbose parsed url   port: null,
9 verbose parsed url   hostname: null,
9 verbose parsed url   hash: null,
9 verbose parsed url   search: null,
9 verbose parsed url   query: null,
9 verbose parsed url   pathname: 'q',
9 verbose parsed url   path: 'q',
9 verbose parsed url   href: 'q' }
10 silly lockFile 22ea1c64-q q
11 verbose lock q /Users/dpreston/.npm/22ea1c64-q.lock
12 silly lockFile 22ea1c64-q q
13 silly lockFile 22ea1c64-q q
14 verbose addNamed [ 'q', '' ]
15 verbose addNamed [ null, '*' ]
16 silly lockFile f83edb5d-q q@
17 verbose lock q@ /Users/dpreston/.npm/f83edb5d-q.lock
18 silly addNameRange { name: 'q', range: '*', hasData: false }
19 verbose request where is /q
20 verbose request registry https://registry.npmjs.org/
21 verbose request id 442aafbe4d04c245
22 verbose url raw /q
23 verbose url resolving [ 'https://registry.npmjs.org/', './q' ]
24 verbose url resolved https://registry.npmjs.org/q
25 verbose request where is https://registry.npmjs.org/q
26 info trying registry request attempt 1 at 13:19:15
27 verbose etag "3SB7P25ZRFMCLM9QJ5FN91FW9"
28 http GET https://registry.npmjs.org/q
29 http 200 https://registry.npmjs.org/q
30 silly registry.get cb [ 200,
30 silly registry.get   { date: 'Sun, 26 Apr 2015 17:19:16 GMT',
30 silly registry.get     server: 'CouchDB/1.5.0 (Erlang OTP/R16B03)',
30 silly registry.get     etag: '"1IUXGLJHHLI68FUWYVLHDBXTC"',
30 silly registry.get     'content-type': 'application/json',
30 silly registry.get     'cache-control': 'max-age=60',
30 silly registry.get     'content-length': '137610',
30 silly registry.get     'accept-ranges': 'bytes',
30 silly registry.get     via: '1.1 varnish',
30 silly registry.get     age: '51',
30 silly registry.get     'x-served-by': 'cache-jfk1031-JFK',
30 silly registry.get     'x-cache': 'HIT',
30 silly registry.get     'x-cache-hits': '1',
30 silly registry.get     'x-timer': 'S1430068756.059315,VS0,VE1',
30 silly registry.get     vary: 'Accept',
30 silly registry.get     'keep-alive': 'timeout=10, max=50',
30 silly registry.get     connection: 'Keep-Alive' } ]
31 silly addNameRange number 2 { name: 'q', range: '*', hasData: true }
32 silly addNameRange versions [ 'q',
32 silly addNameRange   [ '0.0.0',
32 silly addNameRange     '0.0.1',
32 silly addNameRange     '0.0.2',
32 silly addNameRange     '0.0.3',
32 silly addNameRange     '0.1.0',
32 silly addNameRange     '0.1.1',
32 silly addNameRange     '0.1.2',
32 silly addNameRange     '0.1.3',
32 silly addNameRange     '0.1.4',
32 silly addNameRange     '0.1.5',
32 silly addNameRange     '0.1.6',
32 silly addNameRange     '0.1.7',
32 silly addNameRange     '0.1.8',
32 silly addNameRange     '0.1.9',
32 silly addNameRange     '0.2.0-rc1',
32 silly addNameRange     '0.2.0',
32 silly addNameRange     '0.2.1',
32 silly addNameRange     '0.2.2',
32 silly addNameRange     '0.2.3',
32 silly addNameRange     '0.2.4',
32 silly addNameRange     '0.2.5',
32 silly addNameRange     '0.2.6',
32 silly addNameRange     '0.2.7',
32 silly addNameRange     '0.2.8',
32 silly addNameRange     '0.2.9',
32 silly addNameRange     '0.3.0',
32 silly addNameRange     '0.2.10',
32 silly addNameRange     '0.4.0',
32 silly addNameRange     '0.4.1',
32 silly addNameRange     '0.4.2',
32 silly addNameRange     '0.4.4',
32 silly addNameRange     '0.5.0',
32 silly addNameRange     '0.5.1',
32 silly addNameRange     '0.5.2',
32 silly addNameRange     '0.5.3',
32 silly addNameRange     '0.6.0',
32 silly addNameRange     '0.7.0',
32 silly addNameRange     '0.7.1',
32 silly addNameRange     '0.7.2',
32 silly addNameRange     '0.8.0',
32 silly addNameRange     '0.8.1',
32 silly addNameRange     '0.8.2',
32 silly addNameRange     '0.8.3',
32 silly addNameRange     '0.8.4',
32 silly addNameRange     '0.8.5',
32 silly addNameRange     '0.8.6',
32 silly addNameRange     '0.8.7',
32 silly addNameRange     '0.8.8',
32 silly addNameRange     '0.8.9',
32 silly addNameRange     '0.8.10',
32 silly addNameRange     '0.8.11',
32 silly addNameRange     '0.8.12',
32 silly addNameRange     '0.9.0',
32 silly addNameRange     '0.9.1',
32 silly addNameRange     '0.9.2',
32 silly addNameRange     '0.9.3',
32 silly addNameRange     '0.9.4',
32 silly addNameRange     '0.9.5',
32 silly addNameRange     '0.9.6',
32 silly addNameRange     '0.9.7',
32 silly addNameRange     '1.0.0',
32 silly addNameRange     '1.0.1',
32 silly addNameRange     '2.0.0',
32 silly addNameRange     '2.0.1',
32 silly addNameRange     '2.0.2',
32 silly addNameRange     '1.1.0',
32 silly addNameRange     '1.1.1',
32 silly addNameRange     '1.1.2',
32 silly addNameRange     '2.0.3',
32 silly addNameRange     '1.2.0',
32 silly addNameRange     '1.2.1',
32 silly addNameRange     '1.3.0' ] ]
33 verbose addNamed [ 'q', '1.3.0' ]
34 verbose addNamed [ '1.3.0', '1.3.0' ]
35 silly lockFile fa1e80a6-q-1-3-0 q@1.3.0
36 verbose lock q@1.3.0 /Users/dpreston/.npm/fa1e80a6-q-1-3-0.lock
37 silly lockFile 5e5b323d-registry-npmjs-org-q-q-1-3-0-tgz https://registry.npmjs.org/q/-/q-1.3.0.tgz
38 verbose lock https://registry.npmjs.org/q/-/q-1.3.0.tgz /Users/dpreston/.npm/5e5b323d-registry-npmjs-org-q-q-1-3-0-tgz.lock
39 verbose addRemoteTarball [ 'https://registry.npmjs.org/q/-/q-1.3.0.tgz',
39 verbose addRemoteTarball   '850d79f8cb831d92e103b46483e4e35d34640050' ]
40 info retry fetch attempt 1 at 13:19:16
41 verbose fetch to= /var/folders/49/vtprvqms5wz344372109q3y00000gn/T/npm-19143-lFuPsbPY/registry.npmjs.org/q/-/q-1.3.0.tgz
42 http GET https://registry.npmjs.org/q/-/q-1.3.0.tgz
43 http 200 https://registry.npmjs.org/q/-/q-1.3.0.tgz
44 silly lockFile 5e5b323d-registry-npmjs-org-q-q-1-3-0-tgz https://registry.npmjs.org/q/-/q-1.3.0.tgz
45 silly lockFile 5e5b323d-registry-npmjs-org-q-q-1-3-0-tgz https://registry.npmjs.org/q/-/q-1.3.0.tgz
46 silly lockFile fa1e80a6-q-1-3-0 q@1.3.0
47 silly lockFile fa1e80a6-q-1-3-0 q@1.3.0
48 silly lockFile f83edb5d-q q@
49 silly lockFile f83edb5d-q q@
50 error Error: EACCES, mkdir '/Users/dpreston/.npm/q/1.3.0'
50 error  { [Error: EACCES, mkdir '/Users/dpreston/.npm/q/1.3.0']
50 error   errno: 3,
50 error   code: 'EACCES',
50 error   path: '/Users/dpreston/.npm/q/1.3.0',
50 error   parent: 'dashboard' }
51 error Please try running this command again as root/Administrator.
52 error System Darwin 14.0.0
53 error command "node" "/usr/local/bin/npm" "install" "q"
54 error cwd /Users/dpreston/Documents/js_sandbox/dashboard
55 error node -v v0.10.33
56 error npm -v 1.4.28
57 error path /Users/dpreston/.npm/q/1.3.0
58 error code EACCES
59 error errno 3
60 error stack Error: EACCES, mkdir '/Users/dpreston/.npm/q/1.3.0'
61 verbose exit [ 3, true ]
